-------------------------------------------------------------------------------
Test set: com.shiqu.article.test.ArticleFreemarkerTest
-------------------------------------------------------------------------------
Tests run: 3, Failures: 0, Errors: 3, Skipped: 0, Time elapsed: 11.549 s <<< FAILURE! - in com.shiqu.article.test.ArticleFreemarkerTest
createStaticUrlTest2  Time elapsed: 0.002 s  <<< ERROR!
java.lang.IllegalStateException: Failed to load ApplicationContext
Caused by: org.springframework.beans.factory.BeanCreationException: Error creating bean with name 'xxlJobConfig': Injection of autowired dependencies failed; nested exception is java.lang.IllegalArgumentException: Could not resolve placeholder 'xxl.job.admin.addresses' in value "${xxl.job.admin.addresses}"
Caused by: java.lang.IllegalArgumentException: Could not resolve placeholder 'xxl.job.admin.addresses' in value "${xxl.job.admin.addresses}"

test1  Time elapsed: 0 s  <<< ERROR!
java.lang.IllegalStateException: Failed to load ApplicationContext
Caused by: org.springframework.beans.factory.BeanCreationException: Error creating bean with name 'xxlJobConfig': Injection of autowired dependencies failed; nested exception is java.lang.IllegalArgumentException: Could not resolve placeholder 'xxl.job.admin.addresses' in value "${xxl.job.admin.addresses}"
Caused by: java.lang.IllegalArgumentException: Could not resolve placeholder 'xxl.job.admin.addresses' in value "${xxl.job.admin.addresses}"

createStaticUrlTest  Time elapsed: 0 s  <<< ERROR!
java.lang.IllegalStateException: Failed to load ApplicationContext
Caused by: org.springframework.beans.factory.BeanCreationException: Error creating bean with name 'xxlJobConfig': Injection of autowired dependencies failed; nested exception is java.lang.IllegalArgumentException: Could not resolve placeholder 'xxl.job.admin.addresses' in value "${xxl.job.admin.addresses}"
Caused by: java.lang.IllegalArgumentException: Could not resolve placeholder 'xxl.job.admin.addresses' in value "${xxl.job.admin.addresses}"

